<?xml version="1.0" encoding="UTF-8"?>
<testng-results ignored="0" total="1" passed="1" failed="0" skipped="0">
  <reporter-output>
  </reporter-output>
  <suite started-at="2020-11-05T11:09:57 IST" name="Default suite" finished-at="2020-11-05T11:10:32 IST" duration-ms="35196">
    <groups>
    </groups>
    <test started-at="2020-11-05T11:09:57 IST" name="Default test" finished-at="2020-11-05T11:10:32 IST" duration-ms="35196">
      <class name="KhanAcadamy">
        <test-method is-config="true" signature="beforeTest()[pri:0, instance:KhanAcadamy@5552768b]" started-at="2020-11-05T11:09:57 IST" name="beforeTest" finished-at="2020-11-05T11:10:32 IST" duration-ms="35124" status="PASS">
          <reporter-output>
          </reporter-output>
        </test-method> <!-- beforeTest -->
        <test-method signature="TC1()[pri:0, instance:KhanAcadamy@5552768b]" started-at="2020-11-05T11:10:32 IST" name="TC1" finished-at="2020-11-05T11:10:32 IST" duration-ms="8" status="PASS">
          <reporter-output>
          </reporter-output>
        </test-method> <!-- TC1 -->
        <test-method is-config="true" signature="afterTest()[pri:0, instance:KhanAcadamy@5552768b]" started-at="2020-11-05T11:10:32 IST" name="afterTest" finished-at="2020-11-05T11:10:32 IST" duration-ms="1" status="PASS">
          <reporter-output>
          </reporter-output>
        </test-method> <!-- afterTest -->
      </class> <!-- KhanAcadamy -->
    </test> <!-- Default test -->
  </suite> <!-- Default suite -->
</testng-results>
